<?xml version="1.0" encoding="UTF-8"?>
<robot generated="20190719 21:35:11.075" generator="Robot 3.0.4 (Python 2.7.15 on win32)">
<suite source="D:\Assessment-Portal\Tests\headless.robot" id="s1" name="Headless">
<test id="s1-t1" name="01_Launch Assessment Portal in Headless Chrome">
<kw name="Evaluate" library="BuiltIn">
<doc>Evaluates the given expression in Python and returns the results.</doc>
<arguments>
<arg>sys.modules['selenium.webdriver'].ChromeOptions()</arg>
<arg>sys, selenium.webdriver</arg>
</arguments>
<assign>
<var>${chrome options}</var>
</assign>
<msg timestamp="20190719 21:35:13.693" level="INFO">${chrome options} = &lt;selenium.webdriver.chrome.options.Options object at 0x00000000035DD9E8&gt;</msg>
<status status="PASS" endtime="20190719 21:35:13.693" starttime="20190719 21:35:13.692"></status>
</kw>
<kw name="Call Method" library="BuiltIn">
<doc>Calls the named method of the given object with the provided arguments.</doc>
<arguments>
<arg>${chrome options}</arg>
<arg>add_argument</arg>
<arg>headless</arg>
</arguments>
<status status="PASS" endtime="20190719 21:35:13.695" starttime="20190719 21:35:13.694"></status>
</kw>
<kw name="Call Method" library="BuiltIn">
<doc>Calls the named method of the given object with the provided arguments.</doc>
<arguments>
<arg>${chrome options}</arg>
<arg>add_argument</arg>
<arg>disable-gpu</arg>
</arguments>
<status status="PASS" endtime="20190719 21:35:13.697" starttime="20190719 21:35:13.696"></status>
</kw>
<kw name="Create Webdriver" library="Selenium2Library">
<doc>Creates an instance of Selenium WebDriver.</doc>
<arguments>
<arg>Chrome</arg>
<arg>chrome_options=${chrome options}</arg>
</arguments>
<msg timestamp="20190719 21:35:13.698" level="INFO">Creating an instance of the Chrome WebDriver.</msg>
<status status="PASS" endtime="20190719 21:35:46.840" starttime="20190719 21:35:13.697"></status>
</kw>
<kw name="Go To" library="Selenium2Library">
<doc>Navigates the active browser instance to the provided ``url``.</doc>
<arguments>
<arg>https://www.assessments-uat.ccl.org</arg>
</arguments>
<msg timestamp="20190719 21:35:46.841" level="INFO">Opening url 'https://www.assessments-uat.ccl.org'</msg>
<status status="PASS" endtime="20190719 21:36:10.371" starttime="20190719 21:35:46.841"></status>
</kw>
<status status="PASS" endtime="20190719 21:36:10.372" critical="yes" starttime="20190719 21:35:13.690"></status>
</test>
<test id="s1-t2" name="02_Login to Assessment Portal">
<kw name="Wait Until Element Is Visible" library="Selenium2Library">
<doc>Waits until element ``locator`` is visible.</doc>
<arguments>
<arg>xpath=//input[@type='email']</arg>
<arg>timeout=30</arg>
<arg>error=User Name Input field not found</arg>
</arguments>
<kw name="Capture Page Screenshot" library="Selenium2Library">
<doc>Takes screenshot of the current page and embeds it into log file.</doc>
<msg timestamp="20190719 21:36:40.893" html="yes" level="INFO">&lt;/td&gt;&lt;/tr&gt;&lt;tr&gt;&lt;td colspan="3"&gt;&lt;a href="selenium-screenshot-4.png"&gt;&lt;img src="selenium-screenshot-4.png" width="800px"&gt;&lt;/a&gt;</msg>
<status status="PASS" endtime="20190719 21:36:40.893" starttime="20190719 21:36:40.493"></status>
</kw>
<msg timestamp="20190719 21:36:40.927" level="FAIL">User Name Input field not found</msg>
<status status="FAIL" endtime="20190719 21:36:40.927" starttime="20190719 21:36:10.381"></status>
</kw>
<status status="FAIL" endtime="20190719 21:36:40.928" critical="yes" starttime="20190719 21:36:10.379">User Name Input field not found</status>
</test>
<status status="FAIL" endtime="20190719 21:36:40.932" starttime="20190719 21:35:11.100"></status>
</suite>
<statistics>
<total>
<stat fail="1" pass="1">Critical Tests</stat>
<stat fail="1" pass="1">All Tests</stat>
</total>
<tag>
</tag>
<suite>
<stat fail="1" id="s1" name="Headless" pass="1">Headless</stat>
</suite>
</statistics>
<errors>
<msg timestamp="20190719 21:35:13.550" level="ERROR">Error in file 'D:\Assessment-Portal\Tests\headless.robot': Importing test library 'robot.libraries.Dialogs' failed: ImportError: DLL load failed: %1 is not a valid Win32 application.
Traceback (most recent call last):
  File "C:\Python27\lib\site-packages\robot\libraries\Dialogs.py", line 39, in &lt;module&gt;
    from .dialogs_py import MessageDialog, PassFailDialog, InputDialog, SelectionDialog
  File "C:\Python27\lib\site-packages\robot\libraries\dialogs_py.py", line 24, in &lt;module&gt;
    from tkinter import (Button, Entry, Frame, Label, Listbox, TclError,
  File "C:\Python27\lib\site-packages\tkinter\__init__.py", line 5, in &lt;module&gt;
    from Tkinter import *
  File "C:\Python27\lib\lib-tk\Tkinter.py", line 38, in &lt;module&gt;
    import FixTk
  File "C:\Python27\lib\lib-tk\FixTk.py", line 68, in &lt;module&gt;
    import _tkinter
PYTHONPATH:
  C:\Windows\system32\python27.zip
  C:\Python27\DLLs
  C:\Python27\lib
  C:\Python27\lib\plat-win
  C:\Python27\lib\lib-tk
  C:\Python27
  C:\Python27\lib\site-packages
  C:\Python27\lib\site-packages\win32
  C:\Python27\lib\site-packages\win32\lib
  C:\Python27\lib\site-packages\Pythonwin
  C:\Python27\lib\site-packages\wx-3.0-msw</msg>
</errors>
</robot>
